<?xml version="1.0" encoding="UTF-8"?>
<!-- Generated by org.testng.reporters.JUnitReportReporter -->
<testsuite hostname="DELL-PC" name="polineni.akhilmaven.Seleniumtest" tests="2" failures="0" timestamp="24 Jan 2021 08:00:42 GMT" time="0.005" errors="0">
  <testcase name="browserautomation" time="0.000" classname="polineni.akhilmaven.Seleniumtest"/>
  <testcase name="elementsui" time="0.005" classname="polineni.akhilmaven.Seleniumtest"/>
</testsuite> <!-- polineni.akhilmaven.Seleniumtest -->
