<?xml version="1.0" encoding="UTF-8"?>
<!-- Generated by org.testng.reporters.JUnitReportReporter -->
<testsuite hostname="DELL-PC" name="polineni.akhilmaven.Appiumtest" tests="2" failures="0" timestamp="24 Jan 2021 08:00:42 GMT" time="0.000" errors="0">
  <testcase name="iosapps" time="0.000" classname="polineni.akhilmaven.Appiumtest"/>
  <testcase name="nativeappandroid" time="0.000" classname="polineni.akhilmaven.Appiumtest"/>
</testsuite> <!-- polineni.akhilmaven.Appiumtest -->
