<?xml version="1.0" encoding="UTF-8"?>
<!-- Generated by org.testng.reporters.JUnitReportReporter -->
<testsuite hostname="DELL-PC" name="polineni.akhilmaven.Restapitest" tests="2" failures="0" timestamp="24 Jan 2021 08:00:42 GMT" time="0.010" errors="0">
  <testcase name="deletetwitter" time="0.010" classname="polineni.akhilmaven.Restapitest"/>
  <testcase name="postjira" time="0.000" classname="polineni.akhilmaven.Restapitest"/>
</testsuite> <!-- polineni.akhilmaven.Restapitest -->
