<?xml version="1.0" encoding="UTF-8"?>
<!-- Generated by org.testng.reporters.JUnitReportReporter -->
<testsuite skipped="0" hostname="DELL-PC" name="polineni.akhilmaven.Restapitest" tests="2" failures="0" timestamp="14 Feb 2021 04:11:19 GMT" time="0.012" errors="0">
  <testcase name="postjira" time="0.001" classname="polineni.akhilmaven.Restapitest"/>
  <testcase name="deletetwitter" time="0.011" classname="polineni.akhilmaven.Restapitest"/>
</testsuite> <!-- polineni.akhilmaven.Restapitest -->
