<?xml version="1.0" encoding="UTF-8"?>
<!-- Generated by org.testng.reporters.JUnitReportReporter -->
<testsuite skipped="0" hostname="DELL-PC" name="polineni.akhilmaven.Seleniumtest" tests="2" failures="0" timestamp="14 Feb 2021 04:11:18 GMT" time="0.001" errors="0">
  <testcase name="browserautomation" time="0.000" classname="polineni.akhilmaven.Seleniumtest"/>
  <testcase name="elementsui" time="0.001" classname="polineni.akhilmaven.Seleniumtest"/>
</testsuite> <!-- polineni.akhilmaven.Seleniumtest -->
