<?xml version="1.0" encoding="UTF-8"?>
<!-- Generated by org.testng.reporters.JUnitReportReporter -->
<testsuite skipped="0" hostname="DELL-PC" name="polineni.akhilmaven.Appiumtest" tests="2" failures="0" timestamp="14 Feb 2021 04:11:19 GMT" time="0.002" errors="0">
  <testcase name="nativeappandroid" time="0.001" classname="polineni.akhilmaven.Appiumtest"/>
  <testcase name="iosapps" time="0.001" classname="polineni.akhilmaven.Appiumtest"/>
</testsuite> <!-- polineni.akhilmaven.Appiumtest -->
